Flow report for cmd_mvnt_mot_top
Fri Jan 22 13:32:26 2016
Quartus II 64-Bit Version 13.0.0 Build 156 04/24/2013 SJ Full Version


---------------------
; Table of Contents ;
---------------------
  1. Legal Notice
  2. Flow Summary
  3. Flow Settings
  4. Flow Non-Default Global Settings
  5. Flow Elapsed Time
  6. Flow OS Summary
  7. Flow Log
  8. Flow Messages
  9. Flow Suppressed Messages



----------------
; Legal Notice ;
----------------
Copyright (C) 1991-2013 Altera Corporation
Your use of Altera Corporation's design tools, logic functions 
and other software and tools, and its AMPP partner logic 
functions, and any output files from any of the foregoing 
(including device programming or simulation files), and any 
associated documentation or information are expressly subject 
to the terms and conditions of the Altera Program License 
Subscription Agreement, Altera MegaCore Function License 
Agreement, or other applicable license agreement, including, 
without limitation, that your use is for the sole purpose of 
programming logic devices manufactured by Altera and sold by 
Altera or its authorized distributors.  Please refer to the 
applicable agreement for further details.



+-------------------------------------------------------------------------+
; Flow Summary                                                            ;
+---------------------------+---------------------------------------------+
; Flow Status               ; Successful - Fri Jan 22 13:32:24 2016       ;
; Quartus II 64-Bit Version ; 13.0.0 Build 156 04/24/2013 SJ Full Version ;
; Revision Name             ; cmd_mvnt_mot_top                            ;
; Top-level Entity Name     ; cmd_mvnt_mot_top                            ;
; Family                    ; MAX V                                       ;
; Device                    ; 5M570ZF256C5                                ;
; Timing Models             ; Final                                       ;
; Total logic elements      ; 129 / 570 ( 23 % )                          ;
; Total pins                ; 38 / 159 ( 24 % )                           ;
; Total virtual pins        ; 0                                           ;
; UFM blocks                ; 0 / 1 ( 0 % )                               ;
+---------------------------+---------------------------------------------+


+-----------------------------------------+
; Flow Settings                           ;
+-------------------+---------------------+
; Option            ; Setting             ;
+-------------------+---------------------+
; Start date & time ; 01/22/2016 13:32:17 ;
; Main task         ; Compilation         ;
; Revision Name     ; cmd_mvnt_mot_top    ;
+-------------------+---------------------+


+-----------------------------------------------------------------------------------------+
; Flow Non-Default Global Settings                                                        ;
+--------------------------+-------------------+---------------+-------------+------------+
; Assignment Name          ; Value             ; Default Value ; Entity Name ; Section Id ;
+--------------------------+-------------------+---------------+-------------+------------+
; COMPILER_SIGNATURE_ID    ; 0.145346593719880 ; --            ; --          ; --         ;
; MAX_CORE_JUNCTION_TEMP   ; 85                ; --            ; --          ; --         ;
; MIN_CORE_JUNCTION_TEMP   ; 0                 ; --            ; --          ; --         ;
; PROJECT_OUTPUT_DIRECTORY ; output_files      ; --            ; --          ; --         ;
+--------------------------+-------------------+---------------+-------------+------------+


+-------------------------------------------------------------------------------------------------------------------------------+
; Flow Elapsed Time                                                                                                             ;
+---------------------------+--------------+-------------------------+---------------------+------------------------------------+
; Module Name               ; Elapsed Time ; Average Processors Used ; Peak Virtual Memory ; Total CPU Time (on all processors) ;
+---------------------------+--------------+-------------------------+---------------------+------------------------------------+
; Analysis & Synthesis      ; 00:00:01     ; 1.0                     ; 618 MB              ; 00:00:01                           ;
; Fitter                    ; 00:00:02     ; 1.0                     ; 691 MB              ; 00:00:02                           ;
; Assembler                 ; 00:00:01     ; 1.0                     ; 521 MB              ; 00:00:00                           ;
; TimeQuest Timing Analyzer ; 00:00:01     ; 1.0                     ; 514 MB              ; 00:00:01                           ;
; Total                     ; 00:00:05     ; --                      ; --                  ; 00:00:04                           ;
+---------------------------+--------------+-------------------------+---------------------+------------------------------------+


+---------------------------------------------------------------------------------------------+
; Flow OS Summary                                                                             ;
+---------------------------+------------------+----------------+------------+----------------+
; Module Name               ; Machine Hostname ; OS Name        ; OS Version ; Processor type ;
+---------------------------+------------------+----------------+------------+----------------+
; Analysis & Synthesis      ; a07pc15          ; Ubuntu 14.04.1 ; 14         ; x86_64         ;
; Fitter                    ; a07pc15          ; Ubuntu 14.04.1 ; 14         ; x86_64         ;
; Assembler                 ; a07pc15          ; Ubuntu 14.04.1 ; 14         ; x86_64         ;
; TimeQuest Timing Analyzer ; a07pc15          ; Ubuntu 14.04.1 ; 14         ; x86_64         ;
+---------------------------+------------------+----------------+------------+----------------+


------------
; Flow Log ;
------------
quartus_map --read_settings_files=on --write_settings_files=off cmd_mvnt_mot_top -c cmd_mvnt_mot_top
quartus_fit --read_settings_files=off --write_settings_files=off cmd_mvnt_mot_top -c cmd_mvnt_mot_top
quartus_asm --read_settings_files=off --write_settings_files=off cmd_mvnt_mot_top -c cmd_mvnt_mot_top
quartus_sta cmd_mvnt_mot_top -c cmd_mvnt_mot_top



