Analysis & Synthesis report for cmd_mvnt_mot_top
Fri Jan 22 13:32:18 2016
Quartus II 64-Bit Version 13.0.0 Build 156 04/24/2013 SJ Full Version


---------------------
; Table of Contents ;
---------------------
  1. Legal Notice
  2. Analysis & Synthesis Summary
  3. Analysis & Synthesis Settings
  4. Parallel Compilation
  5. Analysis & Synthesis Source Files Read
  6. Analysis & Synthesis Resource Usage Summary
  7. Analysis & Synthesis Resource Utilization by Entity
  8. State Machine - |cmd_mvnt_mot_top|acqu_pos_top:acqu_pos|mss_dir:Bloc_MSS|Etat_Pres
  9. General Register Statistics
 10. Inverted Register Statistics
 11. Multiplexer Restructuring Statistics (Restructuring Performed)
 12. Parameter Settings for User Entity Instance: acqu_pos_top:acqu_pos|cpt_pos_acq:Bloc_position
 13. Port Connectivity Checks: "acqu_pos_top:acqu_pos"
 14. Analysis & Synthesis Messages



----------------
; Legal Notice ;
----------------
Copyright (C) 1991-2013 Altera Corporation
Your use of Altera Corporation's design tools, logic functions 
and other software and tools, and its AMPP partner logic 
functions, and any output files from any of the foregoing 
(including device programming or simulation files), and any 
associated documentation or information are expressly subject 
to the terms and conditions of the Altera Program License 
Subscription Agreement, Altera MegaCore Function License 
Agreement, or other applicable license agreement, including, 
without limitation, that your use is for the sole purpose of 
programming logic devices manufactured by Altera and sold by 
Altera or its authorized distributors.  Please refer to the 
applicable agreement for further details.



+---------------------------------------------------------------------------+
; Analysis & Synthesis Summary                                              ;
+-----------------------------+---------------------------------------------+
; Analysis & Synthesis Status ; Successful - Fri Jan 22 13:32:18 2016       ;
; Quartus II 64-Bit Version   ; 13.0.0 Build 156 04/24/2013 SJ Full Version ;
; Revision Name               ; cmd_mvnt_mot_top                            ;
; Top-level Entity Name       ; cmd_mvnt_mot_top                            ;
; Family                      ; MAX V                                       ;
; Total logic elements        ; 139                                         ;
; Total pins                  ; 38                                          ;
; Total virtual pins          ; 0                                           ;
; UFM blocks                  ; 0 / 1 ( 0 % )                               ;
+-----------------------------+---------------------------------------------+


+----------------------------------------------------------------------------------------------------------------------+
; Analysis & Synthesis Settings                                                                                        ;
+----------------------------------------------------------------------------+--------------------+--------------------+
; Option                                                                     ; Setting            ; Default Value      ;
+----------------------------------------------------------------------------+--------------------+--------------------+
; Device                                                                     ; 5M570ZF256C5       ;                    ;
; Top-level entity name                                                      ; cmd_mvnt_mot_top   ; cmd_mvnt_mot_top   ;
; Family name                                                                ; MAX V              ; Cyclone IV GX      ;
; Use smart compilation                                                      ; Off                ; Off                ;
; Enable parallel Assembler and TimeQuest Timing Analyzer during compilation ; On                 ; On                 ;
; Enable compact report table                                                ; Off                ; Off                ;
; Restructure Multiplexers                                                   ; Auto               ; Auto               ;
; Create Debugging Nodes for IP Cores                                        ; Off                ; Off                ;
; Preserve fewer node names                                                  ; On                 ; On                 ;
; Disable OpenCore Plus hardware evaluation                                  ; Off                ; Off                ;
; Verilog Version                                                            ; Verilog_2001       ; Verilog_2001       ;
; VHDL Version                                                               ; VHDL_1993          ; VHDL_1993          ;
; State Machine Processing                                                   ; Auto               ; Auto               ;
; Safe State Machine                                                         ; Off                ; Off                ;
; Extract Verilog State Machines                                             ; On                 ; On                 ;
; Extract VHDL State Machines                                                ; On                 ; On                 ;
; Ignore Verilog initial constructs                                          ; Off                ; Off                ;
; Iteration limit for constant Verilog loops                                 ; 5000               ; 5000               ;
; Iteration limit for non-constant Verilog loops                             ; 250                ; 250                ;
; Add Pass-Through Logic to Inferred RAMs                                    ; On                 ; On                 ;
; Infer RAMs from Raw Logic                                                  ; On                 ; On                 ;
; Parallel Synthesis                                                         ; On                 ; On                 ;
; NOT Gate Push-Back                                                         ; On                 ; On                 ;
; Power-Up Don't Care                                                        ; On                 ; On                 ;
; Remove Redundant Logic Cells                                               ; Off                ; Off                ;
; Remove Duplicate Registers                                                 ; On                 ; On                 ;
; Ignore CARRY Buffers                                                       ; Off                ; Off                ;
; Ignore CASCADE Buffers                                                     ; Off                ; Off                ;
; Ignore GLOBAL Buffers                                                      ; Off                ; Off                ;
; Ignore ROW GLOBAL Buffers                                                  ; Off                ; Off                ;
; Ignore LCELL Buffers                                                       ; Off                ; Off                ;
; Ignore SOFT Buffers                                                        ; On                 ; On                 ;
; Limit AHDL Integers to 32 Bits                                             ; Off                ; Off                ;
; Optimization Technique                                                     ; Balanced           ; Balanced           ;
; Carry Chain Length                                                         ; 70                 ; 70                 ;
; Auto Carry Chains                                                          ; On                 ; On                 ;
; Auto Open-Drain Pins                                                       ; On                 ; On                 ;
; Perform WYSIWYG Primitive Resynthesis                                      ; Off                ; Off                ;
; Auto Shift Register Replacement                                            ; Auto               ; Auto               ;
; Allow Shift Register Merging across Hierarchies                            ; Auto               ; Auto               ;
; Auto Clock Enable Replacement                                              ; On                 ; On                 ;
; Allow Synchronous Control Signals                                          ; On                 ; On                 ;
; Force Use of Synchronous Clear Signals                                     ; Off                ; Off                ;
; Auto Resource Sharing                                                      ; Off                ; Off                ;
; Use LogicLock Constraints during Resource Balancing                        ; On                 ; On                 ;
; Ignore translate_off and synthesis_off directives                          ; Off                ; Off                ;
; Report Parameter Settings                                                  ; On                 ; On                 ;
; Report Source Assignments                                                  ; On                 ; On                 ;
; Report Connectivity Checks                                                 ; On                 ; On                 ;
; Ignore Maximum Fan-Out Assignments                                         ; Off                ; Off                ;
; Synchronization Register Chain Length                                      ; 2                  ; 2                  ;
; PowerPlay Power Optimization                                               ; Normal compilation ; Normal compilation ;
; HDL message level                                                          ; Level2             ; Level2             ;
; Suppress Register Optimization Related Messages                            ; Off                ; Off                ;
; Number of Removed Registers Reported in Synthesis Report                   ; 5000               ; 5000               ;
; Number of Swept Nodes Reported in Synthesis Report                         ; 5000               ; 5000               ;
; Number of Inverted Registers Reported in Synthesis Report                  ; 100                ; 100                ;
; Clock MUX Protection                                                       ; On                 ; On                 ;
; Block Design Naming                                                        ; Auto               ; Auto               ;
; Synthesis Effort                                                           ; Auto               ; Auto               ;
; Shift Register Replacement - Allow Asynchronous Clear Signal               ; On                 ; On                 ;
; Pre-Mapping Resynthesis Optimization                                       ; Off                ; Off                ;
; Analysis & Synthesis Message Level                                         ; Medium             ; Medium             ;
; Disable Register Merging Across Hierarchies                                ; Auto               ; Auto               ;
; Synthesis Seed                                                             ; 1                  ; 1                  ;
+----------------------------------------------------------------------------+--------------------+--------------------+


+------------------------------------------+
; Parallel Compilation                     ;
+----------------------------+-------------+
; Processors                 ; Number      ;
+----------------------------+-------------+
; Number detected on machine ; 8           ;
; Maximum allowed            ; 4           ;
;                            ;             ;
; Average used               ; 1.00        ;
; Maximum used               ; 1           ;
;                            ;             ;
; Usage by Processor         ; % Time Used ;
;     Processor 1            ; 100.0%      ;
;     Processors 2-8         ;   0.0%      ;
+----------------------------+-------------+


+--------------------------------------------------------------------------------------------------------------------------------------------------------------------------+
; Analysis & Synthesis Source Files Read                                                                                                                                   ;
+----------------------------------+-----------------+-----------------+-----------------------------------------------------------------------------------------+---------+
; File Name with User-Entered Path ; Used in Netlist ; File Type       ; File Name with Absolute Path                                                            ; Library ;
+----------------------------------+-----------------+-----------------+-----------------------------------------------------------------------------------------+---------+
; ../src/mss_cmd_moteur.vhd        ; yes             ; User VHDL File  ; /home/redsuser/nicolas.kobel/csn/Labo_CSN_Dep_Chariot/cmd_depl/src/mss_cmd_moteur.vhd   ;         ;
; ../src/div_clk.vhd               ; yes             ; User VHDL File  ; /home/redsuser/nicolas.kobel/csn/Labo_CSN_Dep_Chariot/cmd_depl/src/div_clk.vhd          ;         ;
; ../src/det_err.vhd               ; yes             ; User VHDL File  ; /home/redsuser/nicolas.kobel/csn/Labo_CSN_Dep_Chariot/cmd_depl/src/det_err.vhd          ;         ;
; ../src/cpt_pos_acq.vhd           ; yes             ; User VHDL File  ; /home/redsuser/nicolas.kobel/csn/Labo_CSN_Dep_Chariot/cmd_depl/src/cpt_pos_acq.vhd      ;         ;
; ../src/cpt_pos.vhd               ; yes             ; User VHDL File  ; /home/redsuser/nicolas.kobel/csn/Labo_CSN_Dep_Chariot/cmd_depl/src/cpt_pos.vhd          ;         ;
; ../src/cmd_mvnt_mot_top.vhd      ; yes             ; User VHDL File  ; /home/redsuser/nicolas.kobel/csn/Labo_CSN_Dep_Chariot/cmd_depl/src/cmd_mvnt_mot_top.vhd ;         ;
; ../src/acqu_pos_top.vhd          ; yes             ; User VHDL File  ; /home/redsuser/nicolas.kobel/csn/Labo_CSN_Dep_Chariot/cmd_depl/src/acqu_pos_top.vhd     ;         ;
; ../src/mss_dir.vhd               ; yes             ; User VHDL File  ; /home/redsuser/nicolas.kobel/csn/Labo_CSN_Dep_Chariot/cmd_depl/src/mss_dir.vhd          ;         ;
+----------------------------------+-----------------+-----------------+-----------------------------------------------------------------------------------------+---------+


+-------------------------------------------------------+
; Analysis & Synthesis Resource Usage Summary           ;
+---------------------------------------------+---------+
; Resource                                    ; Usage   ;
+---------------------------------------------+---------+
; Total logic elements                        ; 139     ;
;     -- Combinational with no register       ; 56      ;
;     -- Register only                        ; 17      ;
;     -- Combinational with a register        ; 66      ;
;                                             ;         ;
; Logic element usage by number of LUT inputs ;         ;
;     -- 4 input functions                    ; 47      ;
;     -- 3 input functions                    ; 35      ;
;     -- 2 input functions                    ; 34      ;
;     -- 1 input functions                    ; 5       ;
;     -- 0 input functions                    ; 1       ;
;                                             ;         ;
; Logic elements by mode                      ;         ;
;     -- normal mode                          ; 100     ;
;     -- arithmetic mode                      ; 39      ;
;     -- qfbk mode                            ; 0       ;
;     -- register cascade mode                ; 0       ;
;     -- synchronous clear/load mode          ; 35      ;
;     -- asynchronous clear/load mode         ; 83      ;
;                                             ;         ;
; Total registers                             ; 83      ;
; Total logic cells in carry chains           ; 42      ;
; I/O pins                                    ; 38      ;
; Maximum fan-out node                        ; clock_i ;
; Maximum fan-out                             ; 83      ;
; Total fan-out                               ; 653     ;
; Average fan-out                             ; 3.69    ;
+---------------------------------------------+---------+


+---------------------------------------------------------------------------------------------------------------------------------------------------------------------------------------------------------------------------------------------------------------------------+
; Analysis & Synthesis Resource Utilization by Entity                                                                                                                                                                                                                       ;
+-----------------------------------+-------------+--------------+------------+------+--------------+--------------+-------------------+------------------+-----------------+------------+-------------------------------------------------------------------+--------------+
; Compilation Hierarchy Node        ; Logic Cells ; LC Registers ; UFM Blocks ; Pins ; Virtual Pins ; LUT-Only LCs ; Register-Only LCs ; LUT/Register LCs ; Carry Chain LCs ; Packed LCs ; Full Hierarchy Name                                               ; Library Name ;
+-----------------------------------+-------------+--------------+------------+------+--------------+--------------+-------------------+------------------+-----------------+------------+-------------------------------------------------------------------+--------------+
; |cmd_mvnt_mot_top                 ; 139 (18)    ; 83           ; 0          ; 38   ; 0            ; 56 (2)       ; 17 (16)           ; 66 (0)           ; 42 (0)          ; 0 (0)      ; |cmd_mvnt_mot_top                                                 ; work         ;
;    |acqu_pos_top:acqu_pos|        ; 57 (1)      ; 38           ; 0          ; 0    ; 0            ; 19 (1)       ; 1 (0)             ; 37 (0)           ; 16 (0)          ; 0 (0)      ; |cmd_mvnt_mot_top|acqu_pos_top:acqu_pos                           ; work         ;
;       |cpt_pos_acq:Bloc_position| ; 16 (16)     ; 16           ; 0          ; 0    ; 0            ; 0 (0)        ; 0 (0)             ; 16 (16)          ; 16 (16)         ; 0 (0)      ; |cmd_mvnt_mot_top|acqu_pos_top:acqu_pos|cpt_pos_acq:Bloc_position ; work         ;
;       |mss_dir:Bloc_MSS|          ; 40 (40)     ; 22           ; 0          ; 0    ; 0            ; 18 (18)      ; 1 (1)             ; 21 (21)          ; 0 (0)           ; 0 (0)      ; |cmd_mvnt_mot_top|acqu_pos_top:acqu_pos|mss_dir:Bloc_MSS          ; work         ;
;    |cpt_pos:cpt_pas|              ; 10 (10)     ; 7            ; 0          ; 0    ; 0            ; 3 (3)        ; 0 (0)             ; 7 (7)            ; 7 (7)           ; 0 (0)      ; |cmd_mvnt_mot_top|cpt_pos:cpt_pas                                 ; work         ;
;    |div_clk:div_clk_mod|          ; 39 (39)     ; 19           ; 0          ; 0    ; 0            ; 20 (20)      ; 0 (0)             ; 19 (19)          ; 19 (19)         ; 0 (0)      ; |cmd_mvnt_mot_top|div_clk:div_clk_mod                             ; work         ;
;    |mss_cmd_moteur:mss|           ; 15 (15)     ; 3            ; 0          ; 0    ; 0            ; 12 (12)      ; 0 (0)             ; 3 (3)            ; 0 (0)           ; 0 (0)      ; |cmd_mvnt_mot_top|mss_cmd_moteur:mss                              ; work         ;
+-----------------------------------+-------------+--------------+------------+------+--------------+--------------+-------------------+------------------+-----------------+------------+-------------------------------------------------------------------+--------------+
Note: For table entries with two numbers listed, the numbers in parentheses indicate the number of resources of the given type used by the specific entity alone. The numbers listed outside of parentheses indicate the total resources of the given type used by the specific entity and all of its sub-entities in the hierarchy.


Encoding Type:  One-Hot
+---------------------------------------------------------------------------------------------------------------------------------------------------------------------------------------------------------------------------------------------------------------------------------------------------------------------------------------------------------------------------------------------------------------------------------------------------------------------+
; State Machine - |cmd_mvnt_mot_top|acqu_pos_top:acqu_pos|mss_dir:Bloc_MSS|Etat_Pres                                                                                                                                                                                                                                                                                                                                                                                  ;
+--------------------+-----------------+--------------------+--------------------+--------------------+--------------------+------------------+------------------+------------------+------------------+-------------------+-------------------+-------------------+-------------------+-----------------+-----------------+-----------------+-----------------+--------------------+--------------------+--------------------+--------------------+------------------+
; Name               ; Etat_Pres.E_ERR ; Etat_Pres.E_T_CCW3 ; Etat_Pres.E_T_CCW2 ; Etat_Pres.E_T_CCW1 ; Etat_Pres.E_T_CCW0 ; Etat_Pres.E_CCW3 ; Etat_Pres.E_CCW2 ; Etat_Pres.E_CCW1 ; Etat_Pres.E_CCW0 ; Etat_Pres.E_T_CW3 ; Etat_Pres.E_T_CW2 ; Etat_Pres.E_T_CW1 ; Etat_Pres.E_T_CW0 ; Etat_Pres.E_CW3 ; Etat_Pres.E_CW2 ; Etat_Pres.E_CW1 ; Etat_Pres.E_CW0 ; Etat_Pres.E_Start3 ; Etat_Pres.E_Start2 ; Etat_Pres.E_Start1 ; Etat_Pres.E_Start0 ; Etat_Pres.E_Init ;
+--------------------+-----------------+--------------------+--------------------+--------------------+--------------------+------------------+------------------+------------------+------------------+-------------------+-------------------+-------------------+-------------------+-----------------+-----------------+-----------------+-----------------+--------------------+--------------------+--------------------+--------------------+------------------+
; Etat_Pres.E_Init   ; 0               ; 0                  ; 0                  ; 0                  ; 0                  ; 0                ; 0                ; 0                ; 0                ; 0                 ; 0                 ; 0                 ; 0                 ; 0               ; 0               ; 0               ; 0               ; 0                  ; 0                  ; 0                  ; 0                  ; 0                ;
; Etat_Pres.E_Start0 ; 0               ; 0                  ; 0                  ; 0                  ; 0                  ; 0                ; 0                ; 0                ; 0                ; 0                 ; 0                 ; 0                 ; 0                 ; 0               ; 0               ; 0               ; 0               ; 0                  ; 0                  ; 0                  ; 1                  ; 1                ;
; Etat_Pres.E_Start1 ; 0               ; 0                  ; 0                  ; 0                  ; 0                  ; 0                ; 0                ; 0                ; 0                ; 0                 ; 0                 ; 0                 ; 0                 ; 0               ; 0               ; 0               ; 0               ; 0                  ; 0                  ; 1                  ; 0                  ; 1                ;
; Etat_Pres.E_Start2 ; 0               ; 0                  ; 0                  ; 0                  ; 0                  ; 0                ; 0                ; 0                ; 0                ; 0                 ; 0                 ; 0                 ; 0                 ; 0               ; 0               ; 0               ; 0               ; 0                  ; 1                  ; 0                  ; 0                  ; 1                ;
; Etat_Pres.E_Start3 ; 0               ; 0                  ; 0                  ; 0                  ; 0                  ; 0                ; 0                ; 0                ; 0                ; 0                 ; 0                 ; 0                 ; 0                 ; 0               ; 0               ; 0               ; 0               ; 1                  ; 0                  ; 0                  ; 0                  ; 1                ;
; Etat_Pres.E_CW0    ; 0               ; 0                  ; 0                  ; 0                  ; 0                  ; 0                ; 0                ; 0                ; 0                ; 0                 ; 0                 ; 0                 ; 0                 ; 0               ; 0               ; 0               ; 1               ; 0                  ; 0                  ; 0                  ; 0                  ; 1                ;
; Etat_Pres.E_CW1    ; 0               ; 0                  ; 0                  ; 0                  ; 0                  ; 0                ; 0                ; 0                ; 0                ; 0                 ; 0                 ; 0                 ; 0                 ; 0               ; 0               ; 1               ; 0               ; 0                  ; 0                  ; 0                  ; 0                  ; 1                ;
; Etat_Pres.E_CW2    ; 0               ; 0                  ; 0                  ; 0                  ; 0                  ; 0                ; 0                ; 0                ; 0                ; 0                 ; 0                 ; 0                 ; 0                 ; 0               ; 1               ; 0               ; 0               ; 0                  ; 0                  ; 0                  ; 0                  ; 1                ;
; Etat_Pres.E_CW3    ; 0               ; 0                  ; 0                  ; 0                  ; 0                  ; 0                ; 0                ; 0                ; 0                ; 0                 ; 0                 ; 0                 ; 0                 ; 1               ; 0               ; 0               ; 0               ; 0                  ; 0                  ; 0                  ; 0                  ; 1                ;
; Etat_Pres.E_T_CW0  ; 0               ; 0                  ; 0                  ; 0                  ; 0                  ; 0                ; 0                ; 0                ; 0                ; 0                 ; 0                 ; 0                 ; 1                 ; 0               ; 0               ; 0               ; 0               ; 0                  ; 0                  ; 0                  ; 0                  ; 1                ;
; Etat_Pres.E_T_CW1  ; 0               ; 0                  ; 0                  ; 0                  ; 0                  ; 0                ; 0                ; 0                ; 0                ; 0                 ; 0                 ; 1                 ; 0                 ; 0               ; 0               ; 0               ; 0               ; 0                  ; 0                  ; 0                  ; 0                  ; 1                ;
; Etat_Pres.E_T_CW2  ; 0               ; 0                  ; 0                  ; 0                  ; 0                  ; 0                ; 0                ; 0                ; 0                ; 0                 ; 1                 ; 0                 ; 0                 ; 0               ; 0               ; 0               ; 0               ; 0                  ; 0                  ; 0                  ; 0                  ; 1                ;
; Etat_Pres.E_T_CW3  ; 0               ; 0                  ; 0                  ; 0                  ; 0                  ; 0                ; 0                ; 0                ; 0                ; 1                 ; 0                 ; 0                 ; 0                 ; 0               ; 0               ; 0               ; 0               ; 0                  ; 0                  ; 0                  ; 0                  ; 1                ;
; Etat_Pres.E_CCW0   ; 0               ; 0                  ; 0                  ; 0                  ; 0                  ; 0                ; 0                ; 0                ; 1                ; 0                 ; 0                 ; 0                 ; 0                 ; 0               ; 0               ; 0               ; 0               ; 0                  ; 0                  ; 0                  ; 0                  ; 1                ;
; Etat_Pres.E_CCW1   ; 0               ; 0                  ; 0                  ; 0                  ; 0                  ; 0                ; 0                ; 1                ; 0                ; 0                 ; 0                 ; 0                 ; 0                 ; 0               ; 0               ; 0               ; 0               ; 0                  ; 0                  ; 0                  ; 0                  ; 1                ;
; Etat_Pres.E_CCW2   ; 0               ; 0                  ; 0                  ; 0                  ; 0                  ; 0                ; 1                ; 0                ; 0                ; 0                 ; 0                 ; 0                 ; 0                 ; 0               ; 0               ; 0               ; 0               ; 0                  ; 0                  ; 0                  ; 0                  ; 1                ;
; Etat_Pres.E_CCW3   ; 0               ; 0                  ; 0                  ; 0                  ; 0                  ; 1                ; 0                ; 0                ; 0                ; 0                 ; 0                 ; 0                 ; 0                 ; 0               ; 0               ; 0               ; 0               ; 0                  ; 0                  ; 0                  ; 0                  ; 1                ;
; Etat_Pres.E_T_CCW0 ; 0               ; 0                  ; 0                  ; 0                  ; 1                  ; 0                ; 0                ; 0                ; 0                ; 0                 ; 0                 ; 0                 ; 0                 ; 0               ; 0               ; 0               ; 0               ; 0                  ; 0                  ; 0                  ; 0                  ; 1                ;
; Etat_Pres.E_T_CCW1 ; 0               ; 0                  ; 0                  ; 1                  ; 0                  ; 0                ; 0                ; 0                ; 0                ; 0                 ; 0                 ; 0                 ; 0                 ; 0               ; 0               ; 0               ; 0               ; 0                  ; 0                  ; 0                  ; 0                  ; 1                ;
; Etat_Pres.E_T_CCW2 ; 0               ; 0                  ; 1                  ; 0                  ; 0                  ; 0                ; 0                ; 0                ; 0                ; 0                 ; 0                 ; 0                 ; 0                 ; 0               ; 0               ; 0               ; 0               ; 0                  ; 0                  ; 0                  ; 0                  ; 1                ;
; Etat_Pres.E_T_CCW3 ; 0               ; 1                  ; 0                  ; 0                  ; 0                  ; 0                ; 0                ; 0                ; 0                ; 0                 ; 0                 ; 0                 ; 0                 ; 0               ; 0               ; 0               ; 0               ; 0                  ; 0                  ; 0                  ; 0                  ; 1                ;
; Etat_Pres.E_ERR    ; 1               ; 0                  ; 0                  ; 0                  ; 0                  ; 0                ; 0                ; 0                ; 0                ; 0                 ; 0                 ; 0                 ; 0                 ; 0               ; 0               ; 0               ; 0               ; 0                  ; 0                  ; 0                  ; 0                  ; 1                ;
+--------------------+-----------------+--------------------+--------------------+--------------------+--------------------+------------------+------------------+------------------+------------------+-------------------+-------------------+-------------------+-------------------+-----------------+-----------------+-----------------+-----------------+--------------------+--------------------+--------------------+--------------------+------------------+


+------------------------------------------------------+
; General Register Statistics                          ;
+----------------------------------------------+-------+
; Statistic                                    ; Value ;
+----------------------------------------------+-------+
; Total registers                              ; 83    ;
; Number of registers using Synchronous Clear  ; 9     ;
; Number of registers using Synchronous Load   ; 26    ;
; Number of registers using Asynchronous Clear ; 64    ;
; Number of registers using Asynchronous Load  ; 19    ;
; Number of registers using Clock Enable       ; 23    ;
; Number of registers using Preset             ; 0     ;
+----------------------------------------------+-------+


+--------------------------------------------------+
; Inverted Register Statistics                     ;
+----------------------------------------+---------+
; Inverted Register                      ; Fan out ;
+----------------------------------------+---------+
; mss_cmd_moteur:mss|Etat_Pres[2]        ; 8       ;
; Total number of inverted registers = 1 ;         ;
+----------------------------------------+---------+


+-----------------------------------------------------------------------------------------------------------------------------------------------------------------+
; Multiplexer Restructuring Statistics (Restructuring Performed)                                                                                                  ;
+--------------------+-----------+---------------+----------------------+------------------------+------------+---------------------------------------------------+
; Multiplexer Inputs ; Bus Width ; Baseline Area ; Area if Restructured ; Saving if Restructured ; Registered ; Example Multiplexer Output                        ;
+--------------------+-----------+---------------+----------------------+------------------------+------------+---------------------------------------------------+
; 4:1                ; 2 bits    ; 4 LEs         ; 4 LEs                ; 0 LEs                  ; Yes        ; |cmd_mvnt_mot_top|mss_cmd_moteur:mss|Etat_Pres[1] ;
; 3:1                ; 7 bits    ; 14 LEs        ; 7 LEs                ; 7 LEs                  ; Yes        ; |cmd_mvnt_mot_top|cpt_pos:cpt_pas|cpt_now[5]      ;
; 4:1                ; 2 bits    ; 4 LEs         ; 4 LEs                ; 0 LEs                  ; No         ; |cmd_mvnt_mot_top|mss_cmd_moteur:mss|Mux1         ;
+--------------------+-----------+---------------+----------------------+------------------------+------------+---------------------------------------------------+


+----------------------------------------------------------------------------------------------+
; Parameter Settings for User Entity Instance: acqu_pos_top:acqu_pos|cpt_pos_acq:Bloc_position ;
+----------------+-------+---------------------------------------------------------------------+
; Parameter Name ; Value ; Type                                                                ;
+----------------+-------+---------------------------------------------------------------------+
; size           ; 16    ; Signed Integer                                                      ;
+----------------+-------+---------------------------------------------------------------------+
Note: In order to hide this table in the UI and the text report file, please set the "Show Parameter Settings in Synthesis Report" option in "Analysis and Synthesis Settings -> More Settings" to "Off".


+----------------------------------------------------------------------------------------------------------------------+
; Port Connectivity Checks: "acqu_pos_top:acqu_pos"                                                                    ;
+------------+--------+----------+-------------------------------------------------------------------------------------+
; Port       ; Type   ; Severity ; Details                                                                             ;
+------------+--------+----------+-------------------------------------------------------------------------------------+
; capt_idx_i ; Input  ; Info     ; Stuck at GND                                                                        ;
; dir_cw_o   ; Output ; Info     ; Connected to dangling logic. Logic that only feeds a dangling port will be removed. ;
; nbr_idx_o  ; Output ; Info     ; Connected to dangling logic. Logic that only feeds a dangling port will be removed. ;
; det_err_o  ; Output ; Info     ; Connected to dangling logic. Logic that only feeds a dangling port will be removed. ;
; err_o      ; Output ; Info     ; Connected to dangling logic. Logic that only feeds a dangling port will be removed. ;
; nbr_err_o  ; Output ; Info     ; Connected to dangling logic. Logic that only feeds a dangling port will be removed. ;
+------------+--------+----------+-------------------------------------------------------------------------------------+


+-------------------------------+
; Analysis & Synthesis Messages ;
+-------------------------------+
Info: *******************************************************************
Info: Running Quartus II 64-Bit Analysis & Synthesis
    Info: Version 13.0.0 Build 156 04/24/2013 SJ Full Version
    Info: Processing started: Fri Jan 22 13:32:17 2016
Info: Command: quartus_map --read_settings_files=on --write_settings_files=off cmd_mvnt_mot_top -c cmd_mvnt_mot_top
Info (11104): Parallel Compilation has detected 8 hyper-threaded processors. However, the extra hyper-threaded processors will not be used by default. Parallel Compilation will use 4 of the 4 physical processors detected instead.
Info (12021): Found 2 design units, including 1 entities, in source file /home/redsuser/nicolas.kobel/csn/Labo_CSN_Dep_Chariot/cmd_depl/src/mss_cmd_moteur.vhd
    Info (12022): Found design unit 1: mss_cmd_moteur-struct
    Info (12023): Found entity 1: mss_cmd_moteur
Info (12021): Found 2 design units, including 1 entities, in source file /home/redsuser/nicolas.kobel/csn/Labo_CSN_Dep_Chariot/cmd_depl/src/div_clk.vhd
    Info (12022): Found design unit 1: div_clk-cpt
    Info (12023): Found entity 1: div_clk
Info (12021): Found 2 design units, including 1 entities, in source file /home/redsuser/nicolas.kobel/csn/Labo_CSN_Dep_Chariot/cmd_depl/src/det_err.vhd
    Info (12022): Found design unit 1: det_err-struct
    Info (12023): Found entity 1: det_err
Info (12021): Found 2 design units, including 1 entities, in source file /home/redsuser/nicolas.kobel/csn/Labo_CSN_Dep_Chariot/cmd_depl/src/cpt_pos_acq.vhd
    Info (12022): Found design unit 1: cpt_pos_acq-struct
    Info (12023): Found entity 1: cpt_pos_acq
Info (12021): Found 2 design units, including 1 entities, in source file /home/redsuser/nicolas.kobel/csn/Labo_CSN_Dep_Chariot/cmd_depl/src/cpt_pos.vhd
    Info (12022): Found design unit 1: cpt_pos-cpt
    Info (12023): Found entity 1: cpt_pos
Info (12021): Found 2 design units, including 1 entities, in source file /home/redsuser/nicolas.kobel/csn/Labo_CSN_Dep_Chariot/cmd_depl/src/cmd_mvnt_mot_top.vhd
    Info (12022): Found design unit 1: cmd_mvnt_mot_top-behav
    Info (12023): Found entity 1: cmd_mvnt_mot_top
Info (12021): Found 2 design units, including 1 entities, in source file /home/redsuser/nicolas.kobel/csn/Labo_CSN_Dep_Chariot/cmd_depl/src/acqu_pos_top.vhd
    Info (12022): Found design unit 1: acqu_pos_top-struct
    Info (12023): Found entity 1: acqu_pos_top
Info (12021): Found 2 design units, including 1 entities, in source file /home/redsuser/nicolas.kobel/csn/Labo_CSN_Dep_Chariot/cmd_depl/src/mss_dir.vhd
    Info (12022): Found design unit 1: mss_dir-struct
    Info (12023): Found entity 1: mss_dir
Info (12127): Elaborating entity "cmd_mvnt_mot_top" for the top level hierarchy
Info (12128): Elaborating entity "mss_cmd_moteur" for hierarchy "mss_cmd_moteur:mss"
Info (12128): Elaborating entity "div_clk" for hierarchy "div_clk:div_clk_mod"
Warning (10492): VHDL Process Statement warning at div_clk.vhd(46): signal "cycle" is read inside the Process Statement but isn't in the Process Statement's sensitivity list
Info (12128): Elaborating entity "cpt_pos" for hierarchy "cpt_pos:cpt_pas"
Info (12128): Elaborating entity "acqu_pos_top" for hierarchy "acqu_pos_top:acqu_pos"
Info (12129): Elaborating entity "mss_dir" using architecture "A:struct" for hierarchy "acqu_pos_top:acqu_pos|mss_dir:Bloc_MSS"
Info (12129): Elaborating entity "cpt_pos_acq" using architecture "A:struct" for hierarchy "acqu_pos_top:acqu_pos|cpt_pos_acq:Bloc_position"
Warning (10036): Verilog HDL or VHDL warning at cpt_pos_acq.vhd(39): object "cpt_eq_0" assigned a value but never read
Warning (10036): Verilog HDL or VHDL warning at cpt_pos_acq.vhd(40): object "cpt_eq_max" assigned a value but never read
Info (12129): Elaborating entity "det_err" using architecture "A:struct" for hierarchy "acqu_pos_top:acqu_pos|det_err:Bloc_erreur"
Info (18000): Registers with preset signals will power-up high
Info (21057): Implemented 177 device resources after synthesis - the final resource count might be different
    Info (21058): Implemented 18 input pins
    Info (21059): Implemented 20 output pins
    Info (21061): Implemented 139 logic cells
Info: Quartus II 64-Bit Analysis & Synthesis was successful. 0 errors, 3 warnings
    Info: Peak virtual memory: 618 megabytes
    Info: Processing ended: Fri Jan 22 13:32:18 2016
    Info: Elapsed time: 00:00:01
    Info: Total CPU time (on all processors): 00:00:01


